[2025-10-31 21:59:06] [INFO]  - cat 
[2025-10-31 21:59:08] [INFO]  - cat
[2025-10-31 22:00:10] [INFO]  - mv
[2025-10-31 22:00:10] [ERROR]  - not enough arguments
[2025-10-31 22:00:48] [INFO]  - cat
[2025-10-31 22:00:48] [ERROR]  - Not enough arguments
[2025-10-31 22:00:55] [INFO]  - zip csc scs scd
[2025-10-31 22:00:55] [ERROR]  - Too much arguments
[2025-10-31 22:08:48] [INFO]  - zip zip_tests zip_arch.zip
[2025-10-31 22:08:50] [INFO]  - exit
[2025-10-31 22:09:19] [INFO]  - unzip zip_arch.zip
[2025-10-31 22:09:21] [INFO]  - exit
[2025-10-31 22:14:42] [INFO]  - zip zip_tests zip_arch
[2025-10-31 22:14:45] [INFO]  - exit
[2025-10-31 22:15:00] [INFO]  - unzip zip_arch
[2025-10-31 22:15:03] [INFO]  - exit
[2025-10-31 22:15:32] [INFO]  - zip zip_tests zip_arch.zip
[2025-10-31 22:15:34] [INFO]  - exit
[2025-10-31 22:15:46] [INFO]  - unzip zip_arch.zip
[2025-10-31 22:15:48] [INFO]  - exit
[2025-10-31 22:16:17] [INFO]  - unzip zip_arch.zip
[2025-10-31 22:16:18] [INFO]  - exit
[2025-10-31 22:16:35] [INFO]  - unzip zip_arch.zip
[2025-10-31 22:16:36] [INFO]  - exit
[2025-10-31 22:16:53] [INFO]  - rm zip_arch.zip
[2025-10-31 22:17:11] [INFO]  - mv zip_tests tar_tests
[2025-10-31 22:17:13] [INFO]  - exit
[2025-10-31 22:22:09] [INFO]  - zip tar_tests
[2025-10-31 22:22:09] [ERROR]  - Not enough arguments
[2025-10-31 22:33:40] [INFO]  - tar tar_tests tar_arc.tar.gz
[2025-10-31 22:33:42] [INFO]  - exit
[2025-10-31 22:34:09] [INFO]  - rm -r tar_tests
[2025-10-31 22:34:11] [INFO] Directory was delete
[2025-10-31 22:34:13] [INFO]  - exit
[2025-10-31 22:34:32] [INFO]  - untar tar_arc.tar.gz
[2025-10-31 22:34:35] [INFO]  - exit
[2025-10-31 22:35:48] [INFO]  - tm test.py
[2025-10-31 22:35:48] [ERROR]  - unknown command
[2025-10-31 22:35:57] [INFO]  - rm test.py
[2025-10-31 22:35:59] [INFO]  - exit
[2025-10-31 22:39:16] [INFO]  - rm test.py
[2025-10-31 22:39:16] [ERROR]  - wrong argument
[2025-10-31 22:39:35] [INFO]  - rm test.py
[2025-10-31 22:39:38] [INFO]  - exit
